 
****************************************
Report : timing
        -path full
        -delay max
        -max_paths 1
Design : TOP
Version: J-2014.09-SP2
Date   : Fri Mar 31 19:53:48 2023
****************************************

 # A fanout number of 1000 was used for high fanout net computations.

Operating Conditions: tt1p05v125c   Library: saed32rvt_tt1p05v125c
Wire Load Model Mode: enclosed

  Startpoint: ctrl/latCnt_reg_2_
              (rising edge-triggered flip-flop clocked by clk)
  Endpoint: data/ospe_array/ospe00/opC_reg_31_
            (rising edge-triggered flip-flop clocked by clk)
  Path Group: clk
  Path Type: max

  Des/Clust/Port     Wire Load Model       Library
  ------------------------------------------------
  TOP                140000                saed32rvt_tt1p05v125c
  DATA               140000                saed32rvt_tt1p05v125c
  OSPE_0             8000                  saed32rvt_tt1p05v125c
  OSPE_0_DW02_mult_0 8000                  saed32rvt_tt1p05v125c

  Point                                                   Incr       Path
  --------------------------------------------------------------------------
  clock clk (rise edge)                                   0.00       0.00
  clock network delay (ideal)                             0.00       0.00
  ctrl/latCnt_reg_2_/CLK (DFFX1_RVT)                      0.00 #     0.00 r
  ctrl/latCnt_reg_2_/Q (DFFX1_RVT)                        0.10       0.10 f
  ctrl/latCnt[2] (CTRL)                                   0.00       0.10 f
  data/latCnt[2] (DATA)                                   0.00       0.10 f
  data/U2893/Y (INVX0_RVT)                                0.21       0.30 r
  data/U2898/Y (AND4X1_RVT)                               0.16       0.47 r
  data/U557/Y (DELLN1X2_RVT)                              0.26       0.73 r
  data/U3128/Y (AO22X1_RVT)                               0.16       0.89 r
  data/U3124/Y (AOI221X1_RVT)                             0.16       1.05 f
  data/U3121/Y (NAND3X0_RVT)                              0.12       1.16 r
  data/ospe_array/ipA0[1] (OSPEArray)                     0.00       1.16 r
  data/ospe_array/ospe00/ipA[1] (OSPE_0)                  0.00       1.16 r
  data/ospe_array/ospe00/U103/Y (NBUFFX2_RVT)             0.15       1.31 r
  data/ospe_array/ospe00/mult_23/A[1] (OSPE_0_DW02_mult_0)
                                                          0.00       1.31 r
  data/ospe_array/ospe00/mult_23/U346/Y (NBUFFX2_RVT)     0.05       1.36 r
  data/ospe_array/ospe00/mult_23/U1120/Y (AND2X1_RVT)     0.05       1.41 r
  data/ospe_array/ospe00/mult_23/U712/Y (XOR2X2_RVT)      0.09       1.51 f
  data/ospe_array/ospe00/mult_23/U591/Y (NAND2X0_RVT)     0.04       1.55 r
  data/ospe_array/ospe00/mult_23/U484/Y (NAND3X0_RVT)     0.04       1.59 f
  data/ospe_array/ospe00/mult_23/U632/Y (NAND2X0_RVT)     0.04       1.64 r
  data/ospe_array/ospe00/mult_23/U633/Y (NAND3X0_RVT)     0.05       1.68 f
  data/ospe_array/ospe00/mult_23/U611/Y (NAND2X0_RVT)     0.04       1.72 r
  data/ospe_array/ospe00/mult_23/U612/Y (NAND3X0_RVT)     0.06       1.78 f
  data/ospe_array/ospe00/mult_23/S2_5_17/S (FADDX1_RVT)
                                                          0.13       1.91 r
  data/ospe_array/ospe00/mult_23/S2_6_16/S (FADDX1_RVT)
                                                          0.12       2.03 f
  data/ospe_array/ospe00/mult_23/S2_7_15/S (FADDX1_RVT)
                                                          0.12       2.14 r
  data/ospe_array/ospe00/mult_23/S2_8_14/S (FADDX1_RVT)
                                                          0.12       2.26 f
  data/ospe_array/ospe00/mult_23/S2_9_13/S (FADDX1_RVT)
                                                          0.12       2.38 r
  data/ospe_array/ospe00/mult_23/S2_10_12/S (FADDX1_RVT)
                                                          0.12       2.50 f
  data/ospe_array/ospe00/mult_23/S2_11_11/S (FADDX1_RVT)
                                                          0.12       2.61 r
  data/ospe_array/ospe00/mult_23/S2_12_10/S (FADDX1_RVT)
                                                          0.12       2.73 f
  data/ospe_array/ospe00/mult_23/S2_13_9/S (FADDX1_RVT)
                                                          0.12       2.85 r
  data/ospe_array/ospe00/mult_23/S2_14_8/CO (FADDX1_RVT)
                                                          0.09       2.94 r
  data/ospe_array/ospe00/mult_23/S2_15_8/CO (FADDX1_RVT)
                                                          0.10       3.04 r
  data/ospe_array/ospe00/mult_23/S2_16_8/CO (FADDX1_RVT)
                                                          0.10       3.14 r
  data/ospe_array/ospe00/mult_23/S2_17_8/CO (FADDX1_RVT)
                                                          0.10       3.24 r
  data/ospe_array/ospe00/mult_23/S2_18_8/CO (FADDX1_RVT)
                                                          0.10       3.34 r
  data/ospe_array/ospe00/mult_23/S2_19_8/S (FADDX1_RVT)
                                                          0.13       3.47 f
  data/ospe_array/ospe00/mult_23/S2_20_7/S (FADDX1_RVT)
                                                          0.12       3.58 r
  data/ospe_array/ospe00/mult_23/S2_21_6/S (FADDX1_RVT)
                                                          0.12       3.70 f
  data/ospe_array/ospe00/mult_23/S2_22_5/S (FADDX1_RVT)
                                                          0.12       3.82 r
  data/ospe_array/ospe00/mult_23/S2_23_4/S (FADDX1_RVT)
                                                          0.12       3.93 f
  data/ospe_array/ospe00/mult_23/S2_24_3/S (FADDX1_RVT)
                                                          0.12       4.05 r
  data/ospe_array/ospe00/mult_23/S2_25_2/S (FADDX1_RVT)
                                                          0.12       4.17 f
  data/ospe_array/ospe00/mult_23/S2_26_1/CO (FADDX1_RVT)
                                                          0.08       4.25 f
  data/ospe_array/ospe00/mult_23/U340/Y (XOR3X2_RVT)      0.11       4.36 r
  data/ospe_array/ospe00/mult_23/S1_28_0/CO (FADDX1_RVT)
                                                          0.10       4.46 r
  data/ospe_array/ospe00/mult_23/S1_29_0/CO (FADDX1_RVT)
                                                          0.10       4.56 r
  data/ospe_array/ospe00/mult_23/U462/Y (NAND2X0_RVT)     0.03       4.59 f
  data/ospe_array/ospe00/mult_23/U702/Y (NAND3X0_RVT)     0.04       4.63 r
  data/ospe_array/ospe00/mult_23/U651/Y (XOR3X2_RVT)      0.10       4.73 f
  data/ospe_array/ospe00/mult_23/PRODUCT_31_ (OSPE_0_DW02_mult_0)
                                                          0.00       4.73 f
  data/ospe_array/ospe00/add_23/A[31] (OSPE_0_DW01_add_0)
                                                          0.00       4.73 f
  data/ospe_array/ospe00/add_23/U1_31/Y (XOR3X2_RVT)      0.11       4.84 r
  data/ospe_array/ospe00/add_23/SUM[31] (OSPE_0_DW01_add_0)
                                                          0.00       4.84 r
  data/ospe_array/ospe00/U104/Y (AND2X1_RVT)              0.04       4.88 r
  data/ospe_array/ospe00/opC_reg_31_/D (DFFX2_RVT)        0.01       4.89 r
  data arrival time                                                  4.89

  clock clk (rise edge)                                   5.00       5.00
  clock network delay (ideal)                             0.00       5.00
  clock uncertainty                                      -0.10       4.90
  data/ospe_array/ospe00/opC_reg_31_/CLK (DFFX2_RVT)      0.00       4.90 r
  library setup time                                     -0.03       4.87
  data required time                                                 4.87
  --------------------------------------------------------------------------
  data required time                                                 4.87
  data arrival time                                                 -4.89
  --------------------------------------------------------------------------
  slack (VIOLATED)                                                  -0.02


1
